<?xml version="1.0" encoding="UTF-8"?>
<testng-results skipped="0" failed="0" ignored="0" total="7" passed="7">
  <reporter-output>
  </reporter-output>
  <suite name="Surefire suite" duration-ms="54546" started-at="2023-03-05T00:57:50 AEDT" finished-at="2023-03-05T00:58:44 AEDT">
    <groups>
      <group name="cucumber">
        <method signature="AbstractTestNGCucumberTests.runScenario(io.cucumber.testng.PickleWrapper,io.cucumber.testng.FeatureWrapper)[pri:0, instance:Runners.TestRunner@5e853265]" name="runScenario" class="io.cucumber.testng.AbstractTestNGCucumberTests"/>
      </group> <!-- cucumber -->
    </groups>
    <test name="Surefire test" duration-ms="54546" started-at="2023-03-05T00:57:50 AEDT" finished-at="2023-03-05T00:58:44 AEDT">
      <class name="Runners.TestRunner">
        <test-method status="PASS" signature="beforeSuite()[pri:0, instance:Runners.TestRunner@5e853265]" name="beforeSuite" is-config="true" duration-ms="8" started-at="2023-03-05T00:57:50 AEDT" finished-at="2023-03-05T00:57:50 AEDT">
          <reporter-output>
          </reporter-output>
        </test-method> <!-- beforeSuite -->
        <test-method status="PASS" signature="setUpClass()[pri:0, instance:Runners.TestRunner@5e853265]" name="setUpClass" is-config="true" duration-ms="910" started-at="2023-03-05T00:57:50 AEDT" finished-at="2023-03-05T00:57:51 AEDT">
          <reporter-output>
          </reporter-output>
        </test-method> <!-- setUpClass -->
        <test-method status="PASS" signature="runScenario(io.cucumber.testng.PickleWrapper,io.cucumber.testng.FeatureWrapper)[pri:0, instance:Runners.TestRunner@5e853265]" name="runScenario" duration-ms="15711" started-at="2023-03-05T00:57:51 AEDT" description="Runs Cucumber Scenarios" data-provider="scenarios" finished-at="2023-03-05T00:58:06 AEDT">
          <params>
            <param index="0">
              <value>
                <![CDATA["submit contact form data and validate successful message"]]>
              </value>
            </param>
            <param index="1">
              <value>
                <![CDATA["Optional[Contact Us Regression tests]"]]>
              </value>
            </param>
          </params>
          <reporter-output>
          </reporter-output>
        </test-method> <!-- runScenario -->
        <test-method status="PASS" signature="runScenario(io.cucumber.testng.PickleWrapper,io.cucumber.testng.FeatureWrapper)[pri:0, instance:Runners.TestRunner@5e853265]" name="runScenario" duration-ms="19743" started-at="2023-03-05T00:57:51 AEDT" description="Runs Cucumber Scenarios" data-provider="scenarios" finished-at="2023-03-05T00:58:10 AEDT">
          <params>
            <param index="0">
              <value>
                <![CDATA["submit contact form data and validate successful message"]]>
              </value>
            </param>
            <param index="1">
              <value>
                <![CDATA["Optional[Contact Us Regression tests]"]]>
              </value>
            </param>
          </params>
          <reporter-output>
          </reporter-output>
        </test-method> <!-- runScenario -->
        <test-method status="PASS" signature="runScenario(io.cucumber.testng.PickleWrapper,io.cucumber.testng.FeatureWrapper)[pri:0, instance:Runners.TestRunner@5e853265]" name="runScenario" duration-ms="20045" started-at="2023-03-05T00:57:51 AEDT" description="Runs Cucumber Scenarios" data-provider="scenarios" finished-at="2023-03-05T00:58:11 AEDT">
          <params>
            <param index="0">
              <value>
                <![CDATA["submit contact form data and validate successful message"]]>
              </value>
            </param>
            <param index="1">
              <value>
                <![CDATA["Optional[Contact Us Regression tests]"]]>
              </value>
            </param>
          </params>
          <reporter-output>
          </reporter-output>
        </test-method> <!-- runScenario -->
        <test-method status="PASS" signature="runScenario(io.cucumber.testng.PickleWrapper,io.cucumber.testng.FeatureWrapper)[pri:0, instance:Runners.TestRunner@5e853265]" name="runScenario" duration-ms="49677" started-at="2023-03-05T00:57:51 AEDT" description="Runs Cucumber Scenarios" data-provider="scenarios" finished-at="2023-03-05T00:58:40 AEDT">
          <params>
            <param index="0">
              <value>
                <![CDATA["validate error messages on contact us/Feedback page"]]>
              </value>
            </param>
            <param index="1">
              <value>
                <![CDATA["Optional[Contact Us Regression tests]"]]>
              </value>
            </param>
          </params>
          <reporter-output>
          </reporter-output>
        </test-method> <!-- runScenario -->
        <test-method status="PASS" signature="runScenario(io.cucumber.testng.PickleWrapper,io.cucumber.testng.FeatureWrapper)[pri:0, instance:Runners.TestRunner@5e853265]" name="runScenario" duration-ms="13121" started-at="2023-03-05T00:58:06 AEDT" description="Runs Cucumber Scenarios" data-provider="scenarios" finished-at="2023-03-05T00:58:20 AEDT">
          <params>
            <param index="0">
              <value>
                <![CDATA["submit contact form data and validate successful message"]]>
              </value>
            </param>
            <param index="1">
              <value>
                <![CDATA["Optional[Contact Us Regression tests]"]]>
              </value>
            </param>
          </params>
          <reporter-output>
          </reporter-output>
        </test-method> <!-- runScenario -->
        <test-method status="PASS" signature="runScenario(io.cucumber.testng.PickleWrapper,io.cucumber.testng.FeatureWrapper)[pri:0, instance:Runners.TestRunner@5e853265]" name="runScenario" duration-ms="16975" started-at="2023-03-05T00:58:10 AEDT" description="Runs Cucumber Scenarios" data-provider="scenarios" finished-at="2023-03-05T00:58:27 AEDT">
          <params>
            <param index="0">
              <value>
                <![CDATA["submit contact form data and validate successful message"]]>
              </value>
            </param>
            <param index="1">
              <value>
                <![CDATA["Optional[Contact Us Regression tests]"]]>
              </value>
            </param>
          </params>
          <reporter-output>
          </reporter-output>
        </test-method> <!-- runScenario -->
        <test-method status="PASS" signature="runScenario(io.cucumber.testng.PickleWrapper,io.cucumber.testng.FeatureWrapper)[pri:0, instance:Runners.TestRunner@5e853265]" name="runScenario" duration-ms="11673" started-at="2023-03-05T00:58:11 AEDT" description="Runs Cucumber Scenarios" data-provider="scenarios" finished-at="2023-03-05T00:58:22 AEDT">
          <params>
            <param index="0">
              <value>
                <![CDATA["buy Jupitor toys and validate cart details"]]>
              </value>
            </param>
            <param index="1">
              <value>
                <![CDATA["Optional[Product buy and Billing details]"]]>
              </value>
            </param>
          </params>
          <reporter-output>
          </reporter-output>
        </test-method> <!-- runScenario -->
        <test-method status="PASS" signature="tearDownClass()[pri:0, instance:Runners.TestRunner@5e853265]" name="tearDownClass" is-config="true" duration-ms="3923" started-at="2023-03-05T00:58:40 AEDT" finished-at="2023-03-05T00:58:44 AEDT">
          <reporter-output>
          </reporter-output>
        </test-method> <!-- tearDownClass -->
        <test-method status="PASS" signature="afterSuite()[pri:0, instance:Runners.TestRunner@5e853265]" name="afterSuite" is-config="true" duration-ms="0" started-at="2023-03-05T00:58:44 AEDT" finished-at="2023-03-05T00:58:44 AEDT">
          <reporter-output>
          </reporter-output>
        </test-method> <!-- afterSuite -->
      </class> <!-- Runners.TestRunner -->
    </test> <!-- Surefire test -->
  </suite> <!-- Surefire suite -->
</testng-results>
