<?xml version="1.0" encoding="UTF-8"?>
<testng-results skipped="0" failed="0" ignored="0" total="7" passed="7">
  <reporter-output>
  </reporter-output>
  <suite name="Surefire suite" duration-ms="72032" started-at="2023-03-05T00:06:14 AEDT" finished-at="2023-03-05T00:07:26 AEDT">
    <groups>
      <group name="cucumber">
        <method signature="AbstractTestNGCucumberTests.runScenario(io.cucumber.testng.PickleWrapper,io.cucumber.testng.FeatureWrapper)[pri:0, instance:Runners.TestRunner@5e853265]" name="runScenario" class="io.cucumber.testng.AbstractTestNGCucumberTests"/>
      </group> <!-- cucumber -->
    </groups>
    <test name="Surefire test" duration-ms="72032" started-at="2023-03-05T00:06:14 AEDT" finished-at="2023-03-05T00:07:26 AEDT">
      <class name="Runners.TestRunner">
        <test-method status="PASS" signature="beforeSuite()[pri:0, instance:Runners.TestRunner@5e853265]" name="beforeSuite" is-config="true" duration-ms="10" started-at="2023-03-05T00:06:14 AEDT" finished-at="2023-03-05T00:06:14 AEDT">
          <reporter-output>
          </reporter-output>
        </test-method> <!-- beforeSuite -->
        <test-method status="PASS" signature="setUpClass()[pri:0, instance:Runners.TestRunner@5e853265]" name="setUpClass" is-config="true" duration-ms="1047" started-at="2023-03-05T00:06:14 AEDT" finished-at="2023-03-05T00:06:15 AEDT">
          <reporter-output>
          </reporter-output>
        </test-method> <!-- setUpClass -->
        <test-method status="PASS" signature="runScenario(io.cucumber.testng.PickleWrapper,io.cucumber.testng.FeatureWrapper)[pri:0, instance:Runners.TestRunner@5e853265]" name="runScenario" duration-ms="66816" started-at="2023-03-05T00:06:15 AEDT" description="Runs Cucumber Scenarios" data-provider="scenarios" finished-at="2023-03-05T00:07:22 AEDT">
          <params>
            <param index="0">
              <value>
                <![CDATA["validate error messages on contact us/Feedback page"]]>
              </value>
            </param>
            <param index="1">
              <value>
                <![CDATA["Optional[Contact Us Regression tests]"]]>
              </value>
            </param>
          </params>
          <reporter-output>
          </reporter-output>
        </test-method> <!-- runScenario -->
        <test-method status="PASS" signature="runScenario(io.cucumber.testng.PickleWrapper,io.cucumber.testng.FeatureWrapper)[pri:0, instance:Runners.TestRunner@5e853265]" name="runScenario" duration-ms="28810" started-at="2023-03-05T00:06:15 AEDT" description="Runs Cucumber Scenarios" data-provider="scenarios" finished-at="2023-03-05T00:06:44 AEDT">
          <params>
            <param index="0">
              <value>
                <![CDATA["submit contact form data and validate successful message"]]>
              </value>
            </param>
            <param index="1">
              <value>
                <![CDATA["Optional[Contact Us Regression tests]"]]>
              </value>
            </param>
          </params>
          <reporter-output>
          </reporter-output>
        </test-method> <!-- runScenario -->
        <test-method status="PASS" signature="runScenario(io.cucumber.testng.PickleWrapper,io.cucumber.testng.FeatureWrapper)[pri:0, instance:Runners.TestRunner@5e853265]" name="runScenario" duration-ms="47019" started-at="2023-03-05T00:06:15 AEDT" description="Runs Cucumber Scenarios" data-provider="scenarios" finished-at="2023-03-05T00:07:02 AEDT">
          <params>
            <param index="0">
              <value>
                <![CDATA["submit contact form data and validate successful message"]]>
              </value>
            </param>
            <param index="1">
              <value>
                <![CDATA["Optional[Contact Us Regression tests]"]]>
              </value>
            </param>
          </params>
          <reporter-output>
          </reporter-output>
        </test-method> <!-- runScenario -->
        <test-method status="PASS" signature="runScenario(io.cucumber.testng.PickleWrapper,io.cucumber.testng.FeatureWrapper)[pri:0, instance:Runners.TestRunner@5e853265]" name="runScenario" duration-ms="46581" started-at="2023-03-05T00:06:15 AEDT" description="Runs Cucumber Scenarios" data-provider="scenarios" finished-at="2023-03-05T00:07:02 AEDT">
          <params>
            <param index="0">
              <value>
                <![CDATA["submit contact form data and validate successful message"]]>
              </value>
            </param>
            <param index="1">
              <value>
                <![CDATA["Optional[Contact Us Regression tests]"]]>
              </value>
            </param>
          </params>
          <reporter-output>
          </reporter-output>
        </test-method> <!-- runScenario -->
        <test-method status="PASS" signature="runScenario(io.cucumber.testng.PickleWrapper,io.cucumber.testng.FeatureWrapper)[pri:0, instance:Runners.TestRunner@5e853265]" name="runScenario" duration-ms="24793" started-at="2023-03-05T00:06:44 AEDT" description="Runs Cucumber Scenarios" data-provider="scenarios" finished-at="2023-03-05T00:07:09 AEDT">
          <params>
            <param index="0">
              <value>
                <![CDATA["submit contact form data and validate successful message"]]>
              </value>
            </param>
            <param index="1">
              <value>
                <![CDATA["Optional[Contact Us Regression tests]"]]>
              </value>
            </param>
          </params>
          <reporter-output>
          </reporter-output>
        </test-method> <!-- runScenario -->
        <test-method status="PASS" signature="runScenario(io.cucumber.testng.PickleWrapper,io.cucumber.testng.FeatureWrapper)[pri:0, instance:Runners.TestRunner@5e853265]" name="runScenario" duration-ms="18869" started-at="2023-03-05T00:07:02 AEDT" description="Runs Cucumber Scenarios" data-provider="scenarios" finished-at="2023-03-05T00:07:20 AEDT">
          <params>
            <param index="0">
              <value>
                <![CDATA["submit contact form data and validate successful message"]]>
              </value>
            </param>
            <param index="1">
              <value>
                <![CDATA["Optional[Contact Us Regression tests]"]]>
              </value>
            </param>
          </params>
          <reporter-output>
          </reporter-output>
        </test-method> <!-- runScenario -->
        <test-method status="PASS" signature="runScenario(io.cucumber.testng.PickleWrapper,io.cucumber.testng.FeatureWrapper)[pri:0, instance:Runners.TestRunner@5e853265]" name="runScenario" duration-ms="15571" started-at="2023-03-05T00:07:02 AEDT" description="Runs Cucumber Scenarios" data-provider="scenarios" finished-at="2023-03-05T00:07:18 AEDT">
          <params>
            <param index="0">
              <value>
                <![CDATA["buy Jupitor toys and validate cart details"]]>
              </value>
            </param>
            <param index="1">
              <value>
                <![CDATA["Optional[Product buy and Billing details]"]]>
              </value>
            </param>
          </params>
          <reporter-output>
          </reporter-output>
        </test-method> <!-- runScenario -->
        <test-method status="PASS" signature="tearDownClass()[pri:0, instance:Runners.TestRunner@5e853265]" name="tearDownClass" is-config="true" duration-ms="4126" started-at="2023-03-05T00:07:22 AEDT" finished-at="2023-03-05T00:07:26 AEDT">
          <reporter-output>
          </reporter-output>
        </test-method> <!-- tearDownClass -->
        <test-method status="PASS" signature="afterSuite()[pri:0, instance:Runners.TestRunner@5e853265]" name="afterSuite" is-config="true" duration-ms="0" started-at="2023-03-05T00:07:26 AEDT" finished-at="2023-03-05T00:07:26 AEDT">
          <reporter-output>
          </reporter-output>
        </test-method> <!-- afterSuite -->
      </class> <!-- Runners.TestRunner -->
    </test> <!-- Surefire test -->
  </suite> <!-- Surefire suite -->
</testng-results>
